Added Component: Designator=P?(HDR2X5)
Add component. Clean all parameters for all variants
Add component (AddParameter): Name = "LatestRevisionDate"; Value = "17-Jul-2002"; VariantName = "[No Variations]"
Add component (AddParameter): Name = "LatestRevisionNote"; Value = "Re-released for DXP Platform."; VariantName = "[No Variations]"
Add component (AddParameter): Name = "Publisher"; Value = "Altium Limited"; VariantName = "[No Variations]"
Added Pin To Net: NetName=ADC Pin=U1-2
Added Net: Name=ADC
Added Pin To Net: NetName=CS Pin=U1-9
Added Net: Name=CS
Added Pin To Net: NetName=GP9 Pin=U1-11
Added Net: Name=GP9
Added Pin To Net: NetName=GP10 Pin=U1-12
Added Net: Name=GP10
Added Pin To Net: NetName=GP12 Pin=U1-6
Added Net: Name=GP12
Added Pin To Net: NetName=GP13 Pin=U1-7
Added Net: Name=GP13
Added Pin To Net: NetName=GP14 Pin=U1-5
Added Net: Name=GP14
Added Pin To Net: NetName=GP16 Pin=U1-4
Added Net: Name=GP16
Added Pin To Net: NetName=MISO Pin=U1-10
Added Net: Name=MISO
Added Pin To Net: NetName=MOSI Pin=U1-13
Added Net: Name=MOSI
Added Pin To Net: NetName=SCK Pin=U1-14
Added Net: Name=SCK
Added Member To Class: ClassName=Echode Member=Component P4 Programming
Added Member To Class: ClassName=Echode Member=Component P? Header 5X2
Added Room: Name=Echode
